1 T_err #
1 T_id include
1 T_err "
1 T_id dialogworker
1 T_dot .
1 T_id h
1 T_err "
2 T_err #
2 T_id include
2 T_err "
2 T_id ui_dialogworker
2 T_dot .
2 T_id h
2 T_err "
4 T_id dialogWorker
4 T_err :
4 T_err :
4 T_id dialogWorker
4 T_lparenthesis (
4 T_id QWidget
4 T_multiply *
4 T_id parent
4 T_rparenthesis )
4 T_err :
5 T_id QDialog
5 T_lparenthesis (
5 T_id parent
5 T_rparenthesis )
5 T_colon ,
6 T_id ui
6 T_lparenthesis (
6 T_id new
6 T_id Ui
6 T_err :
6 T_err :
6 T_id dialogWorker
6 T_rparenthesis )
7 T_lbracket {
8 T_id ui
8 T_minus -
8 T_more >
8 T_id setupUi
8 T_lparenthesis (
8 T_id this
8 T_rparenthesis )
8 T_semicolon ;
9 T_rbracket }
11 T_id dialogWorker
11 T_err :
11 T_err :
11 T_err ~
11 T_id dialogWorker
11 T_lparenthesis (
11 T_rparenthesis )
12 T_lbracket {
13 T_id delete
13 T_id ui
13 T_semicolon ;
14 T_rbracket }
16 T_id void
16 T_id dialogWorker
16 T_err :
16 T_err :
16 T_id click
16 T_lparenthesis (
16 T_rparenthesis )
16 T_lbracket {
17 T_id ui
17 T_minus -
17 T_more >
17 T_id label
17 T_minus -
17 T_more >
17 T_id setText
17 T_lparenthesis (
17 T_err "
17 T_err Д
17 T_err о
17 T_err б
17 T_err а
17 T_err в
17 T_err л
17 T_err е
17 T_err н
17 T_err и
17 T_err е
17 T_err р
17 T_err а
17 T_err б
17 T_err о
17 T_err ч
17 T_err е
17 T_err г
17 T_err о
17 T_err :
17 T_err "
17 T_rparenthesis )
17 T_semicolon ;
18 T_id QStringList
18 T_id b
18 T_semicolon ;
19 T_id b
19 T_dot .
19 T_id append
19 T_lparenthesis (
19 T_id ui
19 T_minus -
19 T_more >
19 T_id lineEdit
19 T_minus -
19 T_more >
19 T_id text
19 T_lparenthesis (
19 T_rparenthesis )
19 T_rparenthesis )
19 T_semicolon ;
20 T_id b
20 T_dot .
20 T_id append
20 T_lparenthesis (
20 T_id ui
20 T_minus -
20 T_more >
20 T_id lineEdit_2
20 T_minus -
20 T_more >
20 T_id text
20 T_lparenthesis (
20 T_rparenthesis )
20 T_rparenthesis )
20 T_semicolon ;
21 T_id b
21 T_dot .
21 T_id append
21 T_lparenthesis (
21 T_id ui
21 T_minus -
21 T_more >
21 T_id spinBox
21 T_minus -
21 T_more >
21 T_id text
21 T_lparenthesis (
21 T_rparenthesis )
21 T_rparenthesis )
21 T_semicolon ;
22 T_id if
22 T_lparenthesis (
22 T_id ui
22 T_minus -
22 T_more >
22 T_id comboBox_2
22 T_minus -
22 T_more >
22 T_id currentIndex
22 T_lparenthesis (
22 T_rparenthesis )
22 T_equal ==
22 T_const10 0
22 T_rparenthesis )
22 T_id b
22 T_dot .
22 T_id append
22 T_lparenthesis (
22 T_err "
22 T_err М
22 T_err "
22 T_rparenthesis )
22 T_semicolon ;
23 T_id else
23 T_id b
23 T_dot .
23 T_id append
23 T_lparenthesis (
23 T_err "
23 T_err Ж
23 T_err "
23 T_rparenthesis )
23 T_semicolon ;
24 T_id b
24 T_dot .
24 T_id append
24 T_lparenthesis (
24 T_id ui
24 T_minus -
24 T_more >
24 T_id comboBox
24 T_minus -
24 T_more >
24 T_id currentText
24 T_lparenthesis (
24 T_rparenthesis )
24 T_rparenthesis )
24 T_semicolon ;
25 T_id b
25 T_dot .
25 T_id append
25 T_lparenthesis (
25 T_id ui
25 T_minus -
25 T_more >
25 T_id spinBox_2
25 T_minus -
25 T_more >
25 T_id text
25 T_lparenthesis (
25 T_rparenthesis )
25 T_rparenthesis )
25 T_semicolon ;
26 T_id a
26 T_assign =
26 T_id new
26 T_id worker
26 T_lparenthesis (
26 T_id b
26 T_rparenthesis )
26 T_semicolon ;
27 T_id a
27 T_minus -
27 T_more >
27 T_id setComplete
27 T_lparenthesis (
27 T_id ui
27 T_minus -
27 T_more >
27 T_id spinBox_3
27 T_minus -
27 T_more >
27 T_id value
27 T_lparenthesis (
27 T_rparenthesis )
27 T_rparenthesis )
27 T_semicolon ;
28 T_id a
28 T_minus -
28 T_more >
28 T_id setSalary
28 T_lparenthesis (
28 T_id ui
28 T_minus -
28 T_more >
28 T_id doubleSpinBox
28 T_minus -
28 T_more >
28 T_id value
28 T_lparenthesis (
28 T_rparenthesis )
28 T_rparenthesis )
28 T_semicolon ;
29 T_id a
29 T_minus -
29 T_more >
29 T_id setCosts
29 T_lparenthesis (
29 T_id ui
29 T_minus -
29 T_more >
29 T_id doubleSpinBox_2
29 T_minus -
29 T_more >
29 T_id value
29 T_lparenthesis (
29 T_rparenthesis )
29 T_rparenthesis )
29 T_semicolon ;
30 T_id emit
30 T_id retWork
30 T_lparenthesis (
30 T_multiply *
30 T_id a
30 T_rparenthesis )
30 T_semicolon ;
31 T_rbracket }
32 T_EOF
